TN:
SF:src/L1/Hub.sol
FN:20,Hub.
FNDA:0,Hub.
DA:21,0
DA:21,0
DA:22,0
DA:22,0
DA:23,0
DA:23,0
FN:26,Hub.setAppAddress
FNDA:20,Hub.setAppAddress
DA:27,20
DA:27,20
BRDA:27,0,0,20
BRDA:27,0,1,20
DA:28,20
DA:28,20
FN:31,Hub.finalizeBridgeLock
FNDA:7,Hub.finalizeBridgeLock
DA:32,7
DA:32,7
BRDA:32,1,0,-
BRDA:32,1,1,6
DA:33,6
DA:33,6
BRDA:33,2,0,-
BRDA:33,2,1,5
DA:34,5
DA:34,5
FN:38,Hub.initiateBridgeUnlock
FNDA:5,Hub.initiateBridgeUnlock
DA:39,5
DA:39,5
BRDA:39,3,0,-
BRDA:39,3,1,4
DA:40,4
DA:40,4
BRDA:40,4,0,-
BRDA:40,4,1,3
DA:41,3
DA:41,3
BRDA:41,5,0,-
BRDA:41,5,1,2
DA:42,2
DA:42,2
DA:47,2
DA:47,2
FN:50,Hub.initiateAction
FNDA:1,Hub.initiateAction
DA:51,1
DA:51,1
BRDA:51,6,0,-
BRDA:51,6,1,1
DA:52,1
DA:52,1
BRDA:52,7,0,-
BRDA:52,7,1,1
DA:53,1
DA:53,1
DA:54,1
DA:54,1
FNF:5
FNH:4
LF:17
LH:14
BRF:16
BRH:9
end_of_record
TN:
SF:src/L2/App.sol
FN:13,App.
FNDA:0,App.
DA:14,0
DA:14,0
FN:17,App.setHubAddress
FNDA:20,App.setHubAddress
DA:18,20
DA:18,20
BRDA:18,0,0,20
BRDA:18,0,1,20
DA:19,20
DA:19,20
FN:22,App.gatedHello
FNDA:1,App.gatedHello
DA:23,1
DA:23,1
BRDA:23,1,0,-
BRDA:23,1,1,1
DA:24,1
DA:24,1
BRDA:24,2,0,-
BRDA:24,2,1,1
DA:25,1
DA:25,1
DA:26,1
DA:26,1
FN:33,App._hello
FNDA:0,App._hello
DA:34,1
DA:34,1
FNF:4
FNH:2
LF:8
LH:7
BRF:6
BRH:4
end_of_record
TN:
SF:src/L2/NFT.sol
FN:13,NFT.
FNDA:104,NFT.
DA:14,84
DA:14,84
DA:15,104
DA:15,104
DA:16,57
DA:16,57
FN:19,NFT.addMinter
FNDA:258,NFT.addMinter
DA:20,1
DA:20,1
FN:23,NFT.mint
FNDA:25572,NFT.mint
DA:24,25315
DA:24,25315
DA:24,25315
DA:25,25315
DA:25,25315
BRDA:25,0,0,-
BRDA:25,0,1,25071
DA:26,25071
DA:26,25071
DA:27,25071
DA:27,25071
FN:30,NFT.tokenURI
FNDA:257,NFT.tokenURI
DA:31,257
DA:31,257
DA:31,257
FN:34,NFT._increaseBalance
FNDA:1,NFT._increaseBalance
DA:35,1
DA:35,1
FN:38,NFT._update
FNDA:25345,NFT._update
DA:44,25345
DA:44,25345
DA:44,25345
FN:47,NFT.supportsInterface
FNDA:1,NFT.supportsInterface
DA:53,1
DA:53,1
DA:53,1
FNF:7
FNH:7
LF:12
LH:12
BRF:2
BRH:1
end_of_record
TN:
SF:src/L2/Vault.sol
FN:22,NftVault.
FNDA:0,NftVault.
DA:23,0
DA:23,0
DA:24,0
DA:24,0
FN:27,NftVault.onlyOwner
FNDA:22,NftVault.onlyOwner
DA:28,22
DA:28,22
BRDA:28,0,0,-
BRDA:28,0,1,21
FN:32,NftVault.setHubAddress
FNDA:22,NftVault.setHubAddress
DA:33,21
DA:33,21
BRDA:33,1,0,20
BRDA:33,1,1,20
DA:34,20
DA:34,20
FN:37,NftVault.deposit
FNDA:16,NftVault.deposit
DA:38,16
DA:38,16
BRDA:38,2,0,15
BRDA:38,2,1,15
DA:39,15
DA:39,15
BRDA:39,3,0,-
BRDA:39,3,1,14
DA:40,14
DA:40,14
BRDA:40,4,0,-
BRDA:40,4,1,13
DA:41,13
DA:41,13
DA:42,13
DA:42,13
FN:45,NftVault.withdraw
FNDA:3,NftVault.withdraw
DA:46,3
DA:46,3
DA:47,3
DA:47,3
BRDA:47,5,0,2
BRDA:47,5,1,2
DA:48,2
DA:48,2
BRDA:48,6,0,-
BRDA:48,6,1,1
DA:49,1
DA:49,1
DA:50,1
DA:50,1
DA:51,1
DA:51,1
FN:54,NftVault.isLocked
FNDA:4,NftVault.isLocked
DA:55,17
DA:55,17
DA:55,17
DA:55,17
FN:58,NftVault.initiateBridgeLock
FNDA:7,NftVault.initiateBridgeLock
DA:59,7
DA:59,7
BRDA:59,7,0,-
BRDA:59,7,1,6
DA:60,6
DA:60,6
BRDA:60,8,0,-
BRDA:60,8,1,5
DA:61,5
DA:61,5
BRDA:61,9,0,-
BRDA:61,9,1,4
DA:62,4
DA:62,4
DA:63,4
DA:63,4
FN:70,NftVault.finalizeBridgeUnlock
FNDA:6,NftVault.finalizeBridgeUnlock
DA:71,6
DA:71,6
BRDA:71,10,0,-
BRDA:71,10,1,5
DA:72,5
DA:72,5
DA:73,5
DA:73,5
BRDA:73,11,0,-
BRDA:73,11,1,4
DA:74,4
DA:74,4
BRDA:74,12,0,-
BRDA:74,12,1,3
DA:75,3
DA:75,3
BRDA:75,13,0,-
BRDA:75,13,1,2
DA:79,2
DA:79,2
DA:80,2
DA:80,2
DA:81,2
DA:81,2
FNF:8
FNH:7
LF:30
LH:28
BRF:28
BRH:17
end_of_record
TN:
SF:test/NFT.t.sol
FN:86,NftHarness.
FNDA:2,NftHarness.
FN:88,NftHarness.exposed_increaseBalance
FNDA:1,NftHarness.exposed_increaseBalance
DA:89,1
DA:89,1
FN:92,NftHarness.exposed_update
FNDA:257,NftHarness.exposed_update
DA:93,257
DA:93,257
DA:93,257
FNF:3
FNH:3
LF:2
LH:2
BRF:0
BRH:0
end_of_record
