TN:
SF:src/L1/Hub.sol
FN:19,Hub.
FNDA:0,Hub.
DA:20,0
DA:20,0
DA:21,0
DA:21,0
DA:22,0
DA:22,0
FN:25,Hub.finalizeBridgeLock
FNDA:5,Hub.finalizeBridgeLock
DA:26,5
DA:26,5
BRDA:26,0,0,1
BRDA:26,0,1,4
DA:27,4
DA:27,4
BRDA:27,1,0,1
BRDA:27,1,1,3
DA:28,3
DA:28,3
FN:32,Hub.initiateBridgeUnlock
FNDA:3,Hub.initiateBridgeUnlock
DA:33,3
DA:33,3
BRDA:33,2,0,1
BRDA:33,2,1,2
DA:34,2
DA:34,2
BRDA:34,3,0,1
BRDA:34,3,1,1
DA:35,1
DA:35,1
DA:40,1
DA:40,1
FN:43,Hub.initiateAction
FNDA:0,Hub.initiateAction
DA:44,0
DA:44,0
BRDA:44,4,0,-
BRDA:44,4,1,-
DA:45,0
DA:45,0
DA:46,0
DA:46,0
FNF:4
FNH:2
LF:13
LH:7
BRF:10
BRH:8
end_of_record
TN:
SF:src/L2/App.sol
FN:11,App.gatedHello
FNDA:0,App.gatedHello
FNF:1
FNH:0
LF:0
LH:0
BRF:0
BRH:0
end_of_record
TN:
SF:src/L2/NFT.sol
FN:13,NFT.
FNDA:78,NFT.
DA:14,60
DA:14,60
DA:15,35
DA:15,35
DA:16,35
DA:16,35
FN:19,NFT.addMinter
FNDA:257,NFT.addMinter
DA:20,1
DA:20,1
FN:23,NFT.mint
FNDA:25775,NFT.mint
DA:24,25519
DA:24,25519
DA:24,25519
DA:25,25519
DA:25,25519
BRDA:25,0,0,245
BRDA:25,0,1,25274
DA:26,25274
DA:26,25274
DA:27,25274
DA:27,25274
FN:30,NFT.tokenURI
FNDA:256,NFT.tokenURI
DA:31,256
DA:31,256
DA:31,256
FN:34,NFT._increaseBalance
FNDA:1,NFT._increaseBalance
DA:35,1
DA:35,1
FN:38,NFT._update
FNDA:25545,NFT._update
DA:44,25545
DA:44,25545
DA:44,25545
FN:47,NFT.supportsInterface
FNDA:1,NFT.supportsInterface
DA:53,1
DA:53,1
DA:53,1
FNF:7
FNH:7
LF:12
LH:12
BRF:2
BRH:2
end_of_record
TN:
SF:src/L2/Vault.sol
FN:22,NftVault.
FNDA:0,NftVault.
DA:23,0
DA:23,0
DA:24,0
DA:24,0
FN:27,NftVault.onlyOwner
FNDA:20,NftVault.onlyOwner
DA:28,20
DA:28,20
BRDA:28,0,0,1
BRDA:28,0,1,19
FN:32,NftVault.setHubAddress
FNDA:20,NftVault.setHubAddress
DA:33,19
DA:33,19
BRDA:33,1,0,1
BRDA:33,1,1,18
DA:34,18
DA:34,18
FN:37,NftVault.deposit
FNDA:15,NftVault.deposit
DA:38,15
DA:38,15
BRDA:38,2,0,1
BRDA:38,2,1,14
DA:39,14
DA:39,14
BRDA:39,3,0,1
BRDA:39,3,1,13
DA:40,13
DA:40,13
BRDA:40,4,0,1
BRDA:40,4,1,12
DA:41,12
DA:41,12
DA:42,12
DA:42,12
FN:45,NftVault.withdraw
FNDA:3,NftVault.withdraw
DA:46,3
DA:46,3
DA:47,3
DA:47,3
BRDA:47,5,0,1
BRDA:47,5,1,2
DA:48,2
DA:48,2
BRDA:48,6,0,1
BRDA:48,6,1,1
DA:49,1
DA:49,1
DA:50,1
DA:50,1
DA:51,1
DA:51,1
FN:54,NftVault.isLocked
FNDA:4,NftVault.isLocked
DA:55,15
DA:55,15
DA:55,15
DA:55,15
FN:58,NftVault.initiateBridgeLock
FNDA:6,NftVault.initiateBridgeLock
DA:59,6
DA:59,6
BRDA:59,7,0,1
BRDA:59,7,1,5
DA:60,5
DA:60,5
BRDA:60,8,0,1
BRDA:60,8,1,4
DA:61,4
DA:61,4
BRDA:61,9,0,1
BRDA:61,9,1,3
DA:62,3
DA:62,3
DA:63,3
DA:63,3
FN:70,NftVault.finalizeBridgeUnlock
FNDA:5,NftVault.finalizeBridgeUnlock
DA:71,5
DA:71,5
BRDA:71,10,0,1
BRDA:71,10,1,4
DA:72,4
DA:72,4
DA:73,4
DA:73,4
BRDA:73,11,0,1
BRDA:73,11,1,3
DA:74,3
DA:74,3
BRDA:74,12,0,1
BRDA:74,12,1,2
DA:75,2
DA:75,2
BRDA:75,13,0,1
BRDA:75,13,1,1
DA:79,1
DA:79,1
DA:80,1
DA:80,1
DA:81,1
DA:81,1
FNF:8
FNH:7
LF:30
LH:28
BRF:28
BRH:28
end_of_record
TN:
SF:test/NFT.t.sol
FN:86,NftHarness.
FNDA:2,NftHarness.
FN:88,NftHarness.exposed_increaseBalance
FNDA:1,NftHarness.exposed_increaseBalance
DA:89,1
DA:89,1
FN:92,NftHarness.exposed_update
FNDA:256,NftHarness.exposed_update
DA:93,256
DA:93,256
DA:93,256
FNF:3
FNH:3
LF:2
LH:2
BRF:0
BRH:0
end_of_record
